<?xml version="1.0" encoding="UTF-8"?>
<!-- Generated by org.testng.reporters.JUnitXMLReporter -->
<testsuite ignored="2" hostname="DESKTOP-V6P045J" failures="1" tests="4" name="RegressionTest" time="48.359" errors="0" timestamp="2024-09-15T20:38:47 IST">
  <testcase classname="com.opencart.testlayer.RegisterTest" name="validateRegisteringAccountByProvidingExistingAccountDetails" time="1.765"/>
  <testcase classname="com.opencart.testlayer.RegisterTest" name="validateRegisteringAccountByProvidingValidDetails" time="1.728">
    <failure type="org.junit.ComparisonFailure" message="expected:&amp;lt;[Your Account Has Been Created!]&amp;gt; but was:&amp;lt;[Register Account]&amp;gt;">
      <![CDATA[org.junit.ComparisonFailure: expected:<[Your Account Has Been Created!]> but was:<[Register Account]>
at org.junit.Assert.assertEquals(Assert.java:115)
at org.junit.Assert.assertEquals(Assert.java:144)
at com.opencart.testlayer.RegisterTest.validateRegisteringAccountByProvidingValidDetails(RegisterTest.java:31)
at java.base/java.util.ArrayList.forEach(ArrayList.java:1511)
... Removed 25 stack frames]]>
    </failure>
  </testcase> <!-- validateRegisteringAccountByProvidingValidDetails -->
  <testcase classname="com.opencart.testlayer.Logintest" name="verifyLoginTestWithInValidDetails" time="7.209"/>
  <testcase classname="com.opencart.testlayer.Logintest" name="verifyLoginTestWithValidDetails" time="10.1"/>
  <testcase classname="com.opencart.testbase.Testbase" name="@AfterTest end" time="0.0">
    <ignored/>
  </testcase> <!-- @AfterTest end -->
  <testcase classname="com.opencart.testbase.Testbase" name="@BeforeTest start" time="0.0">
    <ignored/>
  </testcase> <!-- @BeforeTest start -->
</testsuite> <!-- RegressionTest -->
