<?xml version="1.0" encoding="UTF-8"?>
<!-- Generated by org.testng.reporters.JUnitXMLReporter -->
<testsuite ignored="1" hostname="DESKTOP-V6P045J" failures="0" tests="1" name="Default test" time="21.715" errors="0" timestamp="2024-09-08T22:09:01 IST">
  <testcase classname="com.opencart.testlayer.Logintest" name="verifyLoginTestWithValidDetails" time="10.434"/>
  <testcase classname="com.opencart.testlayer.Logintest" name="verifyLoginTestWithInValidDetails" time="0.0">
    <ignored/>
  </testcase> <!-- verifyLoginTestWithInValidDetails -->
</testsuite> <!-- Default test -->
